#
# There is insufficient memory for the Java Runtime Environment to continue.
# Native memory allocation (malloc) failed to allocate 1370736 bytes for Chunk::new
# Possible reasons:
#   The system is out of physical RAM or swap space
#   The process is running with CompressedOops enabled, and the Java Heap may be blocking the growth of the native heap
# Possible solutions:
#   Reduce memory load on the system
#   Increase physical memory or swap space
#   Check if swap backing store is full
#   Decrease Java heap size (-Xmx/-Xms)
#   Decrease number of Java threads
#   Decrease Java thread stack sizes (-Xss)
#   Set larger code cache with -XX:ReservedCodeCacheSize=
#   JVM is running with Unscaled Compressed Oops mode in which the Java heap is
#     placed in the first 4GB address space. The Java Heap base address is the
#     maximum limit for the native heap growth. Please use -XX:HeapBaseMinAddress
#     to set the Java Heap base and to place the Java Heap above 4GB virtual address.
# This output file may be truncated or incomplete.
#
#  Out of Memory Error (./src/hotspot/share/memory/arena.cpp:197), pid=28664, tid=28172
#
# JRE version: OpenJDK Runtime Environment Corretto-11.0.8.10.1 (11.0.8+10) (build 11.0.8+10-LTS)
# Java VM: OpenJDK 64-Bit Server VM Corretto-11.0.8.10.1 (11.0.8+10-LTS, mixed mode, tiered, compressed oops, g1 gc, windows-amd64)
# No core dump will be written. Minidumps are not enabled by default on client versions of Windows
#

---------------  S U M M A R Y ------------

Command Line: --add-opens=java.base/java.util=ALL-UNNAMED --add-opens=java.base/java.lang=ALL-UNNAMED --add-opens=java.base/java.lang.invoke=ALL-UNNAMED --add-opens=java.prefs/java.util.prefs=ALL-UNNAMED -XX:MaxMetaspaceSize=256m -XX:+HeapDumpOnOutOfMemoryError -Xms256m -Xmx512m -Dfile.encoding=GBK -Duser.country=US -Duser.language=en -Duser.variant org.gradle.launcher.daemon.bootstrap.GradleDaemon 6.2

Host: Intel(R) Core(TM) i7-8550U CPU @ 1.80GHz, 8 cores, 7G,  Windows 10 , 64 bit Build 18362 (10.0.18362.1110)
Time: Thu Oct 29 04:48:25 2020 Malay Peninsula Standard Time elapsed time: 14 seconds (0d 0h 0m 14s)

---------------  T H R E A D  ---------------

Current thread (0x00000288c4e35000):  JavaThread "C2 CompilerThread0" daemon [_thread_in_native, id=28172, stack(0x000000af5b400000,0x000000af5b500000)]


Current CompileTask:
C2:  14628 2334   !   4       java.net.URL::<init> (543 bytes)

Stack: [0x000000af5b400000,0x000000af5b500000]
Native frames: (J=compiled Java code, j=interpreted, Vv=VM code, C=native code)
V  [jvm.dll+0x5dfc8a]
V  [jvm.dll+0x7179be]
V  [jvm.dll+0x71908f]
V  [jvm.dll+0x719753]
V  [jvm.dll+0x240e48]
V  [jvm.dll+0xb96ac]
V  [jvm.dll+0xb9dac]
V  [jvm.dll+0x346387]
V  [jvm.dll+0x314173]
V  [jvm.dll+0x3134ba]
V  [jvm.dll+0x1fa925]
V  [jvm.dll+0x1f9adf]
V  [jvm.dll+0x17e4ec]
V  [jvm.dll+0x208f27]
V  [jvm.dll+0x20710b]
V  [jvm.dll+0x6dc729]
V  [jvm.dll+0x6d57d4]
V  [jvm.dll+0x5debc6]
C  [ucrtbase.dll+0x210b2]
C  [KERNEL32.DLL+0x17c24]
C  [ntdll.dll+0x6cea1]


---------------  P R O C E S S  ---------------

Threads class SMR info:
_java_thread_list=0x00000288c9298070, length=28, elements={
0x00000288a6eb1000, 0x00000288c44cd000, 0x00000288c44ce000, 0x00000288c4e31000,
0x00000288c4e33000, 0x00000288c4e35000, 0x00000288c4e38000, 0x00000288c4e3b000,
0x00000288c4fb3800, 0x00000288c4fda800, 0x00000288c5e2a000, 0x00000288c6724800,
0x00000288c5155800, 0x00000288c5166800, 0x00000288c5c80000, 0x00000288c5c7e000,
0x00000288c5c7f000, 0x00000288c5222800, 0x00000288c5223800, 0x00000288c5224800,
0x00000288c5927800, 0x00000288c592d000, 0x00000288c5928000, 0x00000288c592e000,
0x00000288c5929000, 0x00000288c592a000, 0x00000288c592a800, 0x00000288c592b800
}

Java Threads: ( => current thread )
  0x00000288a6eb1000 JavaThread "main" [_thread_blocked, id=28568, stack(0x000000af5a900000,0x000000af5aa00000)]
  0x00000288c44cd000 JavaThread "Reference Handler" daemon [_thread_blocked, id=27472, stack(0x000000af5b000000,0x000000af5b100000)]
  0x00000288c44ce000 JavaThread "Finalizer" daemon [_thread_blocked, id=27996, stack(0x000000af5b100000,0x000000af5b200000)]
  0x00000288c4e31000 JavaThread "Signal Dispatcher" daemon [_thread_blocked, id=21476, stack(0x000000af5b200000,0x000000af5b300000)]
  0x00000288c4e33000 JavaThread "Attach Listener" daemon [_thread_blocked, id=28536, stack(0x000000af5b300000,0x000000af5b400000)]
=>0x00000288c4e35000 JavaThread "C2 CompilerThread0" daemon [_thread_in_native, id=28172, stack(0x000000af5b400000,0x000000af5b500000)]
  0x00000288c4e38000 JavaThread "C1 CompilerThread0" daemon [_thread_blocked, id=28092, stack(0x000000af5b500000,0x000000af5b600000)]
  0x00000288c4e3b000 JavaThread "Sweeper thread" daemon [_thread_blocked, id=19964, stack(0x000000af5b600000,0x000000af5b700000)]
  0x00000288c4fb3800 JavaThread "Common-Cleaner" daemon [_thread_blocked, id=14200, stack(0x000000af5b700000,0x000000af5b800000)]
  0x00000288c4fda800 JavaThread "Service Thread" daemon [_thread_blocked, id=22044, stack(0x000000af5b800000,0x000000af5b900000)]
  0x00000288c5e2a000 JavaThread "Daemon health stats" [_thread_blocked, id=27164, stack(0x000000af5ba00000,0x000000af5bb00000)]
  0x00000288c6724800 JavaThread "Incoming local TCP Connector on port 52095" [_thread_in_native, id=19704, stack(0x000000af5c100000,0x000000af5c200000)]
  0x00000288c5155800 JavaThread "Daemon periodic checks" [_thread_blocked, id=10868, stack(0x000000af5c000000,0x000000af5c100000)]
  0x00000288c5166800 JavaThread "Daemon" [_thread_blocked, id=28476, stack(0x000000af5c200000,0x000000af5c300000)]
  0x00000288c5c80000 JavaThread "Handler for socket connection from /127.0.0.1:52095 to /127.0.0.1:52096" [_thread_in_native, id=26664, stack(0x000000af5c300000,0x000000af5c400000)]
  0x00000288c5c7e000 JavaThread "Cancel handler" [_thread_blocked, id=26640, stack(0x000000af5c400000,0x000000af5c500000)]
  0x00000288c5c7f000 JavaThread "Daemon worker" [_thread_in_vm, id=13476, stack(0x000000af5c500000,0x000000af5c600000)]
  0x00000288c5222800 JavaThread "Asynchronous log dispatcher for DefaultDaemonConnection: socket connection from /127.0.0.1:52095 to /127.0.0.1:52096" [_thread_blocked, id=23776, stack(0x000000af5c600000,0x000000af5c700000)]
  0x00000288c5223800 JavaThread "Stdin handler" [_thread_blocked, id=13492, stack(0x000000af5c700000,0x000000af5c800000)]
  0x00000288c5224800 JavaThread "Thread-8" [_thread_blocked, id=28324, stack(0x000000af5c800000,0x000000af5c900000)]
  0x00000288c5927800 JavaThread "Cache worker for journal cache (C:\Users\DELL\.gradle\caches\journal-1)" [_thread_blocked, id=28604, stack(0x000000af5ca00000,0x000000af5cb00000)]
  0x00000288c592d000 JavaThread "File lock request listener" [_thread_in_native, id=26336, stack(0x000000af5cb00000,0x000000af5cc00000)]
  0x00000288c5928000 JavaThread "Cache worker for file hash cache (C:\Users\DELL\.gradle\caches\6.2\fileHashes)" [_thread_blocked, id=27836, stack(0x000000af5cc00000,0x000000af5cd00000)]
  0x00000288c592e000 JavaThread "Cache worker for checksums cache (D:\CS2113T\tp\.gradle\checksums)" [_thread_blocked, id=25324, stack(0x000000af5cf00000,0x000000af5d000000)]
  0x00000288c5929000 JavaThread "Cache worker for file hash cache (D:\CS2113T\tp\.gradle\6.2\fileHashes)" [_thread_blocked, id=27920, stack(0x000000af5d000000,0x000000af5d100000)]
  0x00000288c592a000 JavaThread "Cache worker for cache directory md-supplier (C:\Users\DELL\.gradle\caches\6.2\md-supplier)" [_thread_blocked, id=26444, stack(0x000000af5d100000,0x000000af5d200000)]
  0x00000288c592a800 JavaThread "Cache worker for cache directory md-rule (C:\Users\DELL\.gradle\caches\6.2\md-rule)" [_thread_blocked, id=27864, stack(0x000000af5d200000,0x000000af5d300000)]
  0x00000288c592b800 JavaThread "Cache worker for execution history cache (C:\Users\DELL\.gradle\caches\6.2\executionHistory)" [_thread_blocked, id=26948, stack(0x000000af5d300000,0x000000af5d400000)]

Other Threads:
  0x00000288c4499800 VMThread "VM Thread" [stack: 0x000000af5af00000,0x000000af5b000000] [id=28588]
  0x00000288c4fdb800 WatcherThread [stack: 0x000000af5b900000,0x000000af5ba00000] [id=28024]
  0x00000288a6ec8000 GCTaskThread "GC Thread#0" [stack: 0x000000af5aa00000,0x000000af5ab00000] [id=28580]
  0x00000288c5b08000 GCTaskThread "GC Thread#1" [stack: 0x000000af5bb00000,0x000000af5bc00000] [id=28096]
  0x00000288c5906800 GCTaskThread "GC Thread#2" [stack: 0x000000af5bc00000,0x000000af5bd00000] [id=28008]
  0x00000288c5907000 GCTaskThread "GC Thread#3" [stack: 0x000000af5bd00000,0x000000af5be00000] [id=12748]
  0x00000288c5b55000 GCTaskThread "GC Thread#4" [stack: 0x000000af5be00000,0x000000af5bf00000] [id=27512]
  0x00000288c5b56000 GCTaskThread "GC Thread#5" [stack: 0x000000af5bf00000,0x000000af5c000000] [id=16572]
  0x00000288c5370000 GCTaskThread "GC Thread#6" [stack: 0x000000af5c900000,0x000000af5ca00000] [id=28176]
  0x00000288c5366000 GCTaskThread "GC Thread#7" [stack: 0x000000af5cd00000,0x000000af5ce00000] [id=28180]
  0x00000288a6ed9000 ConcurrentGCThread "G1 Main Marker" [stack: 0x000000af5ab00000,0x000000af5ac00000] [id=27820]
  0x00000288a6edc000 ConcurrentGCThread "G1 Conc#0" [stack: 0x000000af5ac00000,0x000000af5ad00000] [id=27876]
  0x00000288c5ac4000 ConcurrentGCThread "G1 Conc#1" [stack: 0x000000af5ce00000,0x000000af5cf00000] [id=26360]
  0x00000288a6f7d800 ConcurrentGCThread "G1 Refine#0" [stack: 0x000000af5ad00000,0x000000af5ae00000] [id=28128]
  0x00000288a6f7e000 ConcurrentGCThread "G1 Young RemSet Sampling" [stack: 0x000000af5ae00000,0x000000af5af00000] [id=7920]

Threads with active compile tasks:
C2 CompilerThread0  15676 2334   !   4       java.net.URL::<init> (543 bytes)

VM state:not at safepoint (normal execution)

VM Mutex/Monitor currently owned by a thread: None

Heap address: 0x00000000e0000000, size: 512 MB, Compressed Oops mode: 32-bit
Narrow klass base: 0x0000000000000000, Narrow klass shift: 3
Compressed class space size: 260046848 Address: 0x0000000100000000

Heap:
 garbage-first heap   total 262144K, used 60705K [0x00000000e0000000, 0x0000000100000000)
  region size 1024K, 45 young (46080K), 2 survivors (2048K)
 Metaspace       used 31164K, capacity 31868K, committed 32048K, reserved 282624K
  class space    used 3977K, capacity 4173K, committed 4224K, reserved 253952K
Heap Regions: E=young(eden), S=young(survivor), O=old, HS=humongous(starts), HC=humongous(continues), CS=collection set, F=free, A=archive, TAMS=top-at-mark-start (previous, next)
|   0|0x00000000e0000000, 0x00000000e0100000, 0x00000000e0100000|100%| O|  |TAMS 0x00000000e0000000, 0x00000000e0000000| Untracked 
|   1|0x00000000e0100000, 0x00000000e0200000, 0x00000000e0200000|100%| O|  |TAMS 0x00000000e0100000, 0x00000000e0100000| Untracked 
|   2|0x00000000e0200000, 0x00000000e0300000, 0x00000000e0300000|100%| O|  |TAMS 0x00000000e0200000, 0x00000000e0200000| Untracked 
|   3|0x00000000e0300000, 0x00000000e0400000, 0x00000000e0400000|100%|HS|  |TAMS 0x00000000e0400000, 0x00000000e0300000| Complete 
|   4|0x00000000e0400000, 0x00000000e0500000, 0x00000000e0500000|100%|HC|  |TAMS 0x00000000e0500000, 0x00000000e0400000| Complete 
|   5|0x00000000e0500000, 0x00000000e0600000, 0x00000000e0600000|100%|HC|  |TAMS 0x00000000e0600000, 0x00000000e0500000| Complete 
|   6|0x00000000e0600000, 0x00000000e0700000, 0x00000000e0700000|100%| O|  |TAMS 0x00000000e0700000, 0x00000000e0600000| Untracked 
|   7|0x00000000e0700000, 0x00000000e0800000, 0x00000000e0800000|100%| O|  |TAMS 0x00000000e0800000, 0x00000000e0700000| Untracked 
|   8|0x00000000e0800000, 0x00000000e0900000, 0x00000000e0900000|100%| O|  |TAMS 0x00000000e0869e00, 0x00000000e0800000| Untracked 
|   9|0x00000000e0900000, 0x00000000e0a00000, 0x00000000e0a00000|100%| O|  |TAMS 0x00000000e0900000, 0x00000000e0900000| Untracked 
|  10|0x00000000e0a00000, 0x00000000e0b00000, 0x00000000e0b00000|100%| O|  |TAMS 0x00000000e0a00000, 0x00000000e0a00000| Untracked 
|  11|0x00000000e0b00000, 0x00000000e0c00000, 0x00000000e0c00000|100%| O|  |TAMS 0x00000000e0b00000, 0x00000000e0b00000| Untracked 
|  12|0x00000000e0c00000, 0x00000000e0d00000, 0x00000000e0d00000|100%| O|  |TAMS 0x00000000e0c00000, 0x00000000e0c00000| Untracked 
|  13|0x00000000e0d00000, 0x00000000e0e00000, 0x00000000e0e00000|100%| O|  |TAMS 0x00000000e0d00000, 0x00000000e0d00000| Untracked 
|  14|0x00000000e0e00000, 0x00000000e0f00000, 0x00000000e0f00000|100%| O|  |TAMS 0x00000000e0e00000, 0x00000000e0e00000| Untracked 
|  15|0x00000000e0f00000, 0x00000000e0f6fa00, 0x00000000e1000000| 43%| O|  |TAMS 0x00000000e0f00000, 0x00000000e0f00000| Untracked 
|  16|0x00000000e1000000, 0x00000000e1000000, 0x00000000e1100000|  0%| F|  |TAMS 0x00000000e1000000, 0x00000000e1000000| Untracked 
|  17|0x00000000e1100000, 0x00000000e1100000, 0x00000000e1200000|  0%| F|  |TAMS 0x00000000e1100000, 0x00000000e1100000| Untracked 
|  18|0x00000000e1200000, 0x00000000e1200000, 0x00000000e1300000|  0%| F|  |TAMS 0x00000000e1200000, 0x00000000e1200000| Untracked 
|  19|0x00000000e1300000, 0x00000000e1300000, 0x00000000e1400000|  0%| F|  |TAMS 0x00000000e1300000, 0x00000000e1300000| Untracked 
|  20|0x00000000e1400000, 0x00000000e1400000, 0x00000000e1500000|  0%| F|  |TAMS 0x00000000e1400000, 0x00000000e1400000| Untracked 
|  21|0x00000000e1500000, 0x00000000e1500000, 0x00000000e1600000|  0%| F|  |TAMS 0x00000000e1500000, 0x00000000e1500000| Untracked 
|  22|0x00000000e1600000, 0x00000000e1600000, 0x00000000e1700000|  0%| F|  |TAMS 0x00000000e1600000, 0x00000000e1600000| Untracked 
|  23|0x00000000e1700000, 0x00000000e1700000, 0x00000000e1800000|  0%| F|  |TAMS 0x00000000e1700000, 0x00000000e1700000| Untracked 
|  24|0x00000000e1800000, 0x00000000e1800000, 0x00000000e1900000|  0%| F|  |TAMS 0x00000000e1800000, 0x00000000e1800000| Untracked 
|  25|0x00000000e1900000, 0x00000000e1900000, 0x00000000e1a00000|  0%| F|  |TAMS 0x00000000e1900000, 0x00000000e1900000| Untracked 
|  26|0x00000000e1a00000, 0x00000000e1a00000, 0x00000000e1b00000|  0%| F|  |TAMS 0x00000000e1a00000, 0x00000000e1a00000| Untracked 
|  27|0x00000000e1b00000, 0x00000000e1b00000, 0x00000000e1c00000|  0%| F|  |TAMS 0x00000000e1b00000, 0x00000000e1b00000| Untracked 
|  28|0x00000000e1c00000, 0x00000000e1c00000, 0x00000000e1d00000|  0%| F|  |TAMS 0x00000000e1c00000, 0x00000000e1c00000| Untracked 
|  29|0x00000000e1d00000, 0x00000000e1d00000, 0x00000000e1e00000|  0%| F|  |TAMS 0x00000000e1d00000, 0x00000000e1d00000| Untracked 
|  30|0x00000000e1e00000, 0x00000000e1e00000, 0x00000000e1f00000|  0%| F|  |TAMS 0x00000000e1e00000, 0x00000000e1e00000| Untracked 
|  31|0x00000000e1f00000, 0x00000000e1f00000, 0x00000000e2000000|  0%| F|  |TAMS 0x00000000e1f00000, 0x00000000e1f00000| Untracked 
|  32|0x00000000e2000000, 0x00000000e2000000, 0x00000000e2100000|  0%| F|  |TAMS 0x00000000e2000000, 0x00000000e2000000| Untracked 
|  33|0x00000000e2100000, 0x00000000e2100000, 0x00000000e2200000|  0%| F|  |TAMS 0x00000000e2100000, 0x00000000e2100000| Untracked 
|  34|0x00000000e2200000, 0x00000000e2200000, 0x00000000e2300000|  0%| F|  |TAMS 0x00000000e2200000, 0x00000000e2200000| Untracked 
|  35|0x00000000e2300000, 0x00000000e2300000, 0x00000000e2400000|  0%| F|  |TAMS 0x00000000e2300000, 0x00000000e2300000| Untracked 
|  36|0x00000000e2400000, 0x00000000e2400000, 0x00000000e2500000|  0%| F|  |TAMS 0x00000000e2400000, 0x00000000e2400000| Untracked 
|  37|0x00000000e2500000, 0x00000000e2500000, 0x00000000e2600000|  0%| F|  |TAMS 0x00000000e2500000, 0x00000000e2500000| Untracked 
|  38|0x00000000e2600000, 0x00000000e2600000, 0x00000000e2700000|  0%| F|  |TAMS 0x00000000e2600000, 0x00000000e2600000| Untracked 
|  39|0x00000000e2700000, 0x00000000e2700000, 0x00000000e2800000|  0%| F|  |TAMS 0x00000000e2700000, 0x00000000e2700000| Untracked 
|  40|0x00000000e2800000, 0x00000000e2800000, 0x00000000e2900000|  0%| F|  |TAMS 0x00000000e2800000, 0x00000000e2800000| Untracked 
|  41|0x00000000e2900000, 0x00000000e2900000, 0x00000000e2a00000|  0%| F|  |TAMS 0x00000000e2900000, 0x00000000e2900000| Untracked 
|  42|0x00000000e2a00000, 0x00000000e2a00000, 0x00000000e2b00000|  0%| F|  |TAMS 0x00000000e2a00000, 0x00000000e2a00000| Untracked 
|  43|0x00000000e2b00000, 0x00000000e2b00000, 0x00000000e2c00000|  0%| F|  |TAMS 0x00000000e2b00000, 0x00000000e2b00000| Untracked 
|  44|0x00000000e2c00000, 0x00000000e2c00000, 0x00000000e2d00000|  0%| F|  |TAMS 0x00000000e2c00000, 0x00000000e2c00000| Untracked 
|  45|0x00000000e2d00000, 0x00000000e2d00000, 0x00000000e2e00000|  0%| F|  |TAMS 0x00000000e2d00000, 0x00000000e2d00000| Untracked 
|  46|0x00000000e2e00000, 0x00000000e2e00000, 0x00000000e2f00000|  0%| F|  |TAMS 0x00000000e2e00000, 0x00000000e2e00000| Untracked 
|  47|0x00000000e2f00000, 0x00000000e2f00000, 0x00000000e3000000|  0%| F|  |TAMS 0x00000000e2f00000, 0x00000000e2f00000| Untracked 
|  48|0x00000000e3000000, 0x00000000e3000000, 0x00000000e3100000|  0%| F|  |TAMS 0x00000000e3000000, 0x00000000e3000000| Untracked 
|  49|0x00000000e3100000, 0x00000000e3100000, 0x00000000e3200000|  0%| F|  |TAMS 0x00000000e3100000, 0x00000000e3100000| Untracked 
|  50|0x00000000e3200000, 0x00000000e3200000, 0x00000000e3300000|  0%| F|  |TAMS 0x00000000e3200000, 0x00000000e3200000| Untracked 
|  51|0x00000000e3300000, 0x00000000e3300000, 0x00000000e3400000|  0%| F|  |TAMS 0x00000000e3300000, 0x00000000e3300000| Untracked 
|  52|0x00000000e3400000, 0x00000000e3400000, 0x00000000e3500000|  0%| F|  |TAMS 0x00000000e3400000, 0x00000000e3400000| Untracked 
|  53|0x00000000e3500000, 0x00000000e3500000, 0x00000000e3600000|  0%| F|  |TAMS 0x00000000e3500000, 0x00000000e3500000| Untracked 
|  54|0x00000000e3600000, 0x00000000e3600000, 0x00000000e3700000|  0%| F|  |TAMS 0x00000000e3600000, 0x00000000e3600000| Untracked 
|  55|0x00000000e3700000, 0x00000000e3700000, 0x00000000e3800000|  0%| F|  |TAMS 0x00000000e3700000, 0x00000000e3700000| Untracked 
|  56|0x00000000e3800000, 0x00000000e3800000, 0x00000000e3900000|  0%| F|  |TAMS 0x00000000e3800000, 0x00000000e3800000| Untracked 
|  57|0x00000000e3900000, 0x00000000e3900000, 0x00000000e3a00000|  0%| F|  |TAMS 0x00000000e3900000, 0x00000000e3900000| Untracked 
|  58|0x00000000e3a00000, 0x00000000e3a00000, 0x00000000e3b00000|  0%| F|  |TAMS 0x00000000e3a00000, 0x00000000e3a00000| Untracked 
|  59|0x00000000e3b00000, 0x00000000e3b00000, 0x00000000e3c00000|  0%| F|  |TAMS 0x00000000e3b00000, 0x00000000e3b00000| Untracked 
|  60|0x00000000e3c00000, 0x00000000e3c00000, 0x00000000e3d00000|  0%| F|  |TAMS 0x00000000e3c00000, 0x00000000e3c00000| Untracked 
|  61|0x00000000e3d00000, 0x00000000e3d00000, 0x00000000e3e00000|  0%| F|  |TAMS 0x00000000e3d00000, 0x00000000e3d00000| Untracked 
|  62|0x00000000e3e00000, 0x00000000e3e00000, 0x00000000e3f00000|  0%| F|  |TAMS 0x00000000e3e00000, 0x00000000e3e00000| Untracked 
|  63|0x00000000e3f00000, 0x00000000e3f00000, 0x00000000e4000000|  0%| F|  |TAMS 0x00000000e3f00000, 0x00000000e3f00000| Untracked 
|  64|0x00000000e4000000, 0x00000000e4000000, 0x00000000e4100000|  0%| F|  |TAMS 0x00000000e4000000, 0x00000000e4000000| Untracked 
|  65|0x00000000e4100000, 0x00000000e4100000, 0x00000000e4200000|  0%| F|  |TAMS 0x00000000e4100000, 0x00000000e4100000| Untracked 
|  66|0x00000000e4200000, 0x00000000e4200000, 0x00000000e4300000|  0%| F|  |TAMS 0x00000000e4200000, 0x00000000e4200000| Untracked 
|  67|0x00000000e4300000, 0x00000000e4300000, 0x00000000e4400000|  0%| F|  |TAMS 0x00000000e4300000, 0x00000000e4300000| Untracked 
|  68|0x00000000e4400000, 0x00000000e4400000, 0x00000000e4500000|  0%| F|  |TAMS 0x00000000e4400000, 0x00000000e4400000| Untracked 
|  69|0x00000000e4500000, 0x00000000e4500000, 0x00000000e4600000|  0%| F|  |TAMS 0x00000000e4500000, 0x00000000e4500000| Untracked 
|  70|0x00000000e4600000, 0x00000000e4600000, 0x00000000e4700000|  0%| F|  |TAMS 0x00000000e4600000, 0x00000000e4600000| Untracked 
|  71|0x00000000e4700000, 0x00000000e4700000, 0x00000000e4800000|  0%| F|  |TAMS 0x00000000e4700000, 0x00000000e4700000| Untracked 
|  72|0x00000000e4800000, 0x00000000e4800000, 0x00000000e4900000|  0%| F|  |TAMS 0x00000000e4800000, 0x00000000e4800000| Untracked 
|  73|0x00000000e4900000, 0x00000000e4900000, 0x00000000e4a00000|  0%| F|  |TAMS 0x00000000e4900000, 0x00000000e4900000| Untracked 
|  74|0x00000000e4a00000, 0x00000000e4a00000, 0x00000000e4b00000|  0%| F|  |TAMS 0x00000000e4a00000, 0x00000000e4a00000| Untracked 
|  75|0x00000000e4b00000, 0x00000000e4b00000, 0x00000000e4c00000|  0%| F|  |TAMS 0x00000000e4b00000, 0x00000000e4b00000| Untracked 
|  76|0x00000000e4c00000, 0x00000000e4c00000, 0x00000000e4d00000|  0%| F|  |TAMS 0x00000000e4c00000, 0x00000000e4c00000| Untracked 
|  77|0x00000000e4d00000, 0x00000000e4d00000, 0x00000000e4e00000|  0%| F|  |TAMS 0x00000000e4d00000, 0x00000000e4d00000| Untracked 
|  78|0x00000000e4e00000, 0x00000000e4e00000, 0x00000000e4f00000|  0%| F|  |TAMS 0x00000000e4e00000, 0x00000000e4e00000| Untracked 
|  79|0x00000000e4f00000, 0x00000000e4f00000, 0x00000000e5000000|  0%| F|  |TAMS 0x00000000e4f00000, 0x00000000e4f00000| Untracked 
|  80|0x00000000e5000000, 0x00000000e5000000, 0x00000000e5100000|  0%| F|  |TAMS 0x00000000e5000000, 0x00000000e5000000| Untracked 
|  81|0x00000000e5100000, 0x00000000e5100000, 0x00000000e5200000|  0%| F|  |TAMS 0x00000000e5100000, 0x00000000e5100000| Untracked 
|  82|0x00000000e5200000, 0x00000000e5200000, 0x00000000e5300000|  0%| F|  |TAMS 0x00000000e5200000, 0x00000000e5200000| Untracked 
|  83|0x00000000e5300000, 0x00000000e5300000, 0x00000000e5400000|  0%| F|  |TAMS 0x00000000e5300000, 0x00000000e5300000| Untracked 
|  84|0x00000000e5400000, 0x00000000e5400000, 0x00000000e5500000|  0%| F|  |TAMS 0x00000000e5400000, 0x00000000e5400000| Untracked 
|  85|0x00000000e5500000, 0x00000000e5500000, 0x00000000e5600000|  0%| F|  |TAMS 0x00000000e5500000, 0x00000000e5500000| Untracked 
|  86|0x00000000e5600000, 0x00000000e5600000, 0x00000000e5700000|  0%| F|  |TAMS 0x00000000e5600000, 0x00000000e5600000| Untracked 
|  87|0x00000000e5700000, 0x00000000e5700000, 0x00000000e5800000|  0%| F|  |TAMS 0x00000000e5700000, 0x00000000e5700000| Untracked 
|  88|0x00000000e5800000, 0x00000000e5800000, 0x00000000e5900000|  0%| F|  |TAMS 0x00000000e5800000, 0x00000000e5800000| Untracked 
|  89|0x00000000e5900000, 0x00000000e5900000, 0x00000000e5a00000|  0%| F|  |TAMS 0x00000000e5900000, 0x00000000e5900000| Untracked 
|  90|0x00000000e5a00000, 0x00000000e5a00000, 0x00000000e5b00000|  0%| F|  |TAMS 0x00000000e5a00000, 0x00000000e5a00000| Untracked 
|  91|0x00000000e5b00000, 0x00000000e5b00000, 0x00000000e5c00000|  0%| F|  |TAMS 0x00000000e5b00000, 0x00000000e5b00000| Untracked 
|  92|0x00000000e5c00000, 0x00000000e5c00000, 0x00000000e5d00000|  0%| F|  |TAMS 0x00000000e5c00000, 0x00000000e5c00000| Untracked 
|  93|0x00000000e5d00000, 0x00000000e5d00000, 0x00000000e5e00000|  0%| F|  |TAMS 0x00000000e5d00000, 0x00000000e5d00000| Untracked 
|  94|0x00000000e5e00000, 0x00000000e5e00000, 0x00000000e5f00000|  0%| F|  |TAMS 0x00000000e5e00000, 0x00000000e5e00000| Untracked 
|  95|0x00000000e5f00000, 0x00000000e5f00000, 0x00000000e6000000|  0%| F|  |TAMS 0x00000000e5f00000, 0x00000000e5f00000| Untracked 
|  96|0x00000000e6000000, 0x00000000e6000000, 0x00000000e6100000|  0%| F|  |TAMS 0x00000000e6000000, 0x00000000e6000000| Untracked 
|  97|0x00000000e6100000, 0x00000000e6100000, 0x00000000e6200000|  0%| F|  |TAMS 0x00000000e6100000, 0x00000000e6100000| Untracked 
|  98|0x00000000e6200000, 0x00000000e6200000, 0x00000000e6300000|  0%| F|  |TAMS 0x00000000e6200000, 0x00000000e6200000| Untracked 
|  99|0x00000000e6300000, 0x00000000e6300000, 0x00000000e6400000|  0%| F|  |TAMS 0x00000000e6300000, 0x00000000e6300000| Untracked 
| 100|0x00000000e6400000, 0x00000000e6400000, 0x00000000e6500000|  0%| F|  |TAMS 0x00000000e6400000, 0x00000000e6400000| Untracked 
| 101|0x00000000e6500000, 0x00000000e6500000, 0x00000000e6600000|  0%| F|  |TAMS 0x00000000e6500000, 0x00000000e6500000| Untracked 
| 102|0x00000000e6600000, 0x00000000e6600000, 0x00000000e6700000|  0%| F|  |TAMS 0x00000000e6600000, 0x00000000e6600000| Untracked 
| 103|0x00000000e6700000, 0x00000000e6700000, 0x00000000e6800000|  0%| F|  |TAMS 0x00000000e6700000, 0x00000000e6700000| Untracked 
| 104|0x00000000e6800000, 0x00000000e6800000, 0x00000000e6900000|  0%| F|  |TAMS 0x00000000e6800000, 0x00000000e6800000| Untracked 
| 105|0x00000000e6900000, 0x00000000e6900000, 0x00000000e6a00000|  0%| F|  |TAMS 0x00000000e6900000, 0x00000000e6900000| Untracked 
| 106|0x00000000e6a00000, 0x00000000e6a00000, 0x00000000e6b00000|  0%| F|  |TAMS 0x00000000e6a00000, 0x00000000e6a00000| Untracked 
| 107|0x00000000e6b00000, 0x00000000e6b00000, 0x00000000e6c00000|  0%| F|  |TAMS 0x00000000e6b00000, 0x00000000e6b00000| Untracked 
| 108|0x00000000e6c00000, 0x00000000e6c00000, 0x00000000e6d00000|  0%| F|  |TAMS 0x00000000e6c00000, 0x00000000e6c00000| Untracked 
| 109|0x00000000e6d00000, 0x00000000e6d00000, 0x00000000e6e00000|  0%| F|  |TAMS 0x00000000e6d00000, 0x00000000e6d00000| Untracked 
| 110|0x00000000e6e00000, 0x00000000e6e00000, 0x00000000e6f00000|  0%| F|  |TAMS 0x00000000e6e00000, 0x00000000e6e00000| Untracked 
| 111|0x00000000e6f00000, 0x00000000e6f00000, 0x00000000e7000000|  0%| F|  |TAMS 0x00000000e6f00000, 0x00000000e6f00000| Untracked 
| 112|0x00000000e7000000, 0x00000000e7000000, 0x00000000e7100000|  0%| F|  |TAMS 0x00000000e7000000, 0x00000000e7000000| Untracked 
| 113|0x00000000e7100000, 0x00000000e7100000, 0x00000000e7200000|  0%| F|  |TAMS 0x00000000e7100000, 0x00000000e7100000| Untracked 
| 114|0x00000000e7200000, 0x00000000e7200000, 0x00000000e7300000|  0%| F|  |TAMS 0x00000000e7200000, 0x00000000e7200000| Untracked 
| 115|0x00000000e7300000, 0x00000000e7300000, 0x00000000e7400000|  0%| F|  |TAMS 0x00000000e7300000, 0x00000000e7300000| Untracked 
| 116|0x00000000e7400000, 0x00000000e7400000, 0x00000000e7500000|  0%| F|  |TAMS 0x00000000e7400000, 0x00000000e7400000| Untracked 
| 117|0x00000000e7500000, 0x00000000e7500000, 0x00000000e7600000|  0%| F|  |TAMS 0x00000000e7500000, 0x00000000e7500000| Untracked 
| 118|0x00000000e7600000, 0x00000000e7600000, 0x00000000e7700000|  0%| F|  |TAMS 0x00000000e7600000, 0x00000000e7600000| Untracked 
| 119|0x00000000e7700000, 0x00000000e7700000, 0x00000000e7800000|  0%| F|  |TAMS 0x00000000e7700000, 0x00000000e7700000| Untracked 
| 120|0x00000000e7800000, 0x00000000e7800000, 0x00000000e7900000|  0%| F|  |TAMS 0x00000000e7800000, 0x00000000e7800000| Untracked 
| 121|0x00000000e7900000, 0x00000000e7900000, 0x00000000e7a00000|  0%| F|  |TAMS 0x00000000e7900000, 0x00000000e7900000| Untracked 
| 122|0x00000000e7a00000, 0x00000000e7a00000, 0x00000000e7b00000|  0%| F|  |TAMS 0x00000000e7a00000, 0x00000000e7a00000| Untracked 
| 123|0x00000000e7b00000, 0x00000000e7b00000, 0x00000000e7c00000|  0%| F|  |TAMS 0x00000000e7b00000, 0x00000000e7b00000| Untracked 
| 124|0x00000000e7c00000, 0x00000000e7c00000, 0x00000000e7d00000|  0%| F|  |TAMS 0x00000000e7c00000, 0x00000000e7c00000| Untracked 
| 125|0x00000000e7d00000, 0x00000000e7d00000, 0x00000000e7e00000|  0%| F|  |TAMS 0x00000000e7d00000, 0x00000000e7d00000| Untracked 
| 126|0x00000000e7e00000, 0x00000000e7e00000, 0x00000000e7f00000|  0%| F|  |TAMS 0x00000000e7e00000, 0x00000000e7e00000| Untracked 
| 127|0x00000000e7f00000, 0x00000000e7f00000, 0x00000000e8000000|  0%| F|  |TAMS 0x00000000e7f00000, 0x00000000e7f00000| Untracked 
| 128|0x00000000e8000000, 0x00000000e8000000, 0x00000000e8100000|  0%| F|  |TAMS 0x00000000e8000000, 0x00000000e8000000| Untracked 
| 129|0x00000000e8100000, 0x00000000e8100000, 0x00000000e8200000|  0%| F|  |TAMS 0x00000000e8100000, 0x00000000e8100000| Untracked 
| 130|0x00000000e8200000, 0x00000000e8200000, 0x00000000e8300000|  0%| F|  |TAMS 0x00000000e8200000, 0x00000000e8200000| Untracked 
| 131|0x00000000e8300000, 0x00000000e8300000, 0x00000000e8400000|  0%| F|  |TAMS 0x00000000e8300000, 0x00000000e8300000| Untracked 
| 132|0x00000000e8400000, 0x00000000e8400000, 0x00000000e8500000|  0%| F|  |TAMS 0x00000000e8400000, 0x00000000e8400000| Untracked 
| 133|0x00000000e8500000, 0x00000000e8500000, 0x00000000e8600000|  0%| F|  |TAMS 0x00000000e8500000, 0x00000000e8500000| Untracked 
| 134|0x00000000e8600000, 0x00000000e8600000, 0x00000000e8700000|  0%| F|  |TAMS 0x00000000e8600000, 0x00000000e8600000| Untracked 
| 135|0x00000000e8700000, 0x00000000e8700000, 0x00000000e8800000|  0%| F|  |TAMS 0x00000000e8700000, 0x00000000e8700000| Untracked 
| 136|0x00000000e8800000, 0x00000000e8800000, 0x00000000e8900000|  0%| F|  |TAMS 0x00000000e8800000, 0x00000000e8800000| Untracked 
| 137|0x00000000e8900000, 0x00000000e8900000, 0x00000000e8a00000|  0%| F|  |TAMS 0x00000000e8900000, 0x00000000e8900000| Untracked 
| 138|0x00000000e8a00000, 0x00000000e8a00000, 0x00000000e8b00000|  0%| F|  |TAMS 0x00000000e8a00000, 0x00000000e8a00000| Untracked 
| 139|0x00000000e8b00000, 0x00000000e8b00000, 0x00000000e8c00000|  0%| F|  |TAMS 0x00000000e8b00000, 0x00000000e8b00000| Untracked 
| 140|0x00000000e8c00000, 0x00000000e8c00000, 0x00000000e8d00000|  0%| F|  |TAMS 0x00000000e8c00000, 0x00000000e8c00000| Untracked 
| 141|0x00000000e8d00000, 0x00000000e8d00000, 0x00000000e8e00000|  0%| F|  |TAMS 0x00000000e8d00000, 0x00000000e8d00000| Untracked 
| 142|0x00000000e8e00000, 0x00000000e8e00000, 0x00000000e8f00000|  0%| F|  |TAMS 0x00000000e8e00000, 0x00000000e8e00000| Untracked 
| 143|0x00000000e8f00000, 0x00000000e8f00000, 0x00000000e9000000|  0%| F|  |TAMS 0x00000000e8f00000, 0x00000000e8f00000| Untracked 
| 144|0x00000000e9000000, 0x00000000e9000000, 0x00000000e9100000|  0%| F|  |TAMS 0x00000000e9000000, 0x00000000e9000000| Untracked 
| 145|0x00000000e9100000, 0x00000000e9100000, 0x00000000e9200000|  0%| F|  |TAMS 0x00000000e9100000, 0x00000000e9100000| Untracked 
| 146|0x00000000e9200000, 0x00000000e9200000, 0x00000000e9300000|  0%| F|  |TAMS 0x00000000e9200000, 0x00000000e9200000| Untracked 
| 147|0x00000000e9300000, 0x00000000e9300000, 0x00000000e9400000|  0%| F|  |TAMS 0x00000000e9300000, 0x00000000e9300000| Untracked 
| 148|0x00000000e9400000, 0x00000000e9400000, 0x00000000e9500000|  0%| F|  |TAMS 0x00000000e9400000, 0x00000000e9400000| Untracked 
| 149|0x00000000e9500000, 0x00000000e9500000, 0x00000000e9600000|  0%| F|  |TAMS 0x00000000e9500000, 0x00000000e9500000| Untracked 
| 150|0x00000000e9600000, 0x00000000e9600000, 0x00000000e9700000|  0%| F|  |TAMS 0x00000000e9600000, 0x00000000e9600000| Untracked 
| 151|0x00000000e9700000, 0x00000000e9700000, 0x00000000e9800000|  0%| F|  |TAMS 0x00000000e9700000, 0x00000000e9700000| Untracked 
| 152|0x00000000e9800000, 0x00000000e9800000, 0x00000000e9900000|  0%| F|  |TAMS 0x00000000e9800000, 0x00000000e9800000| Untracked 
| 153|0x00000000e9900000, 0x00000000e9900000, 0x00000000e9a00000|  0%| F|  |TAMS 0x00000000e9900000, 0x00000000e9900000| Untracked 
| 154|0x00000000e9a00000, 0x00000000e9a00000, 0x00000000e9b00000|  0%| F|  |TAMS 0x00000000e9a00000, 0x00000000e9a00000| Untracked 
| 155|0x00000000e9b00000, 0x00000000e9b00000, 0x00000000e9c00000|  0%| F|  |TAMS 0x00000000e9b00000, 0x00000000e9b00000| Untracked 
| 156|0x00000000e9c00000, 0x00000000e9c00000, 0x00000000e9d00000|  0%| F|  |TAMS 0x00000000e9c00000, 0x00000000e9c00000| Untracked 
| 157|0x00000000e9d00000, 0x00000000e9d00000, 0x00000000e9e00000|  0%| F|  |TAMS 0x00000000e9d00000, 0x00000000e9d00000| Untracked 
| 158|0x00000000e9e00000, 0x00000000e9e00000, 0x00000000e9f00000|  0%| F|  |TAMS 0x00000000e9e00000, 0x00000000e9e00000| Untracked 
| 159|0x00000000e9f00000, 0x00000000e9f00000, 0x00000000ea000000|  0%| F|  |TAMS 0x00000000e9f00000, 0x00000000e9f00000| Untracked 
| 160|0x00000000ea000000, 0x00000000ea000000, 0x00000000ea100000|  0%| F|  |TAMS 0x00000000ea000000, 0x00000000ea000000| Untracked 
| 161|0x00000000ea100000, 0x00000000ea100000, 0x00000000ea200000|  0%| F|  |TAMS 0x00000000ea100000, 0x00000000ea100000| Untracked 
| 162|0x00000000ea200000, 0x00000000ea200000, 0x00000000ea300000|  0%| F|  |TAMS 0x00000000ea200000, 0x00000000ea200000| Untracked 
| 163|0x00000000ea300000, 0x00000000ea300000, 0x00000000ea400000|  0%| F|  |TAMS 0x00000000ea300000, 0x00000000ea300000| Untracked 
| 164|0x00000000ea400000, 0x00000000ea400000, 0x00000000ea500000|  0%| F|  |TAMS 0x00000000ea400000, 0x00000000ea400000| Untracked 
| 165|0x00000000ea500000, 0x00000000ea500000, 0x00000000ea600000|  0%| F|  |TAMS 0x00000000ea500000, 0x00000000ea500000| Untracked 
| 166|0x00000000ea600000, 0x00000000ea600000, 0x00000000ea700000|  0%| F|  |TAMS 0x00000000ea600000, 0x00000000ea600000| Untracked 
| 167|0x00000000ea700000, 0x00000000ea700000, 0x00000000ea800000|  0%| F|  |TAMS 0x00000000ea700000, 0x00000000ea700000| Untracked 
| 168|0x00000000ea800000, 0x00000000ea800000, 0x00000000ea900000|  0%| F|  |TAMS 0x00000000ea800000, 0x00000000ea800000| Untracked 
| 169|0x00000000ea900000, 0x00000000ea900000, 0x00000000eaa00000|  0%| F|  |TAMS 0x00000000ea900000, 0x00000000ea900000| Untracked 
| 170|0x00000000eaa00000, 0x00000000eaa00000, 0x00000000eab00000|  0%| F|  |TAMS 0x00000000eaa00000, 0x00000000eaa00000| Untracked 
| 171|0x00000000eab00000, 0x00000000eab00000, 0x00000000eac00000|  0%| F|  |TAMS 0x00000000eab00000, 0x00000000eab00000| Untracked 
| 172|0x00000000eac00000, 0x00000000eac00000, 0x00000000ead00000|  0%| F|  |TAMS 0x00000000eac00000, 0x00000000eac00000| Untracked 
| 173|0x00000000ead00000, 0x00000000ead00000, 0x00000000eae00000|  0%| F|  |TAMS 0x00000000ead00000, 0x00000000ead00000| Untracked 
| 174|0x00000000eae00000, 0x00000000eae00000, 0x00000000eaf00000|  0%| F|  |TAMS 0x00000000eae00000, 0x00000000eae00000| Untracked 
| 175|0x00000000eaf00000, 0x00000000eaf00000, 0x00000000eb000000|  0%| F|  |TAMS 0x00000000eaf00000, 0x00000000eaf00000| Untracked 
| 176|0x00000000eb000000, 0x00000000eb000000, 0x00000000eb100000|  0%| F|  |TAMS 0x00000000eb000000, 0x00000000eb000000| Untracked 
| 177|0x00000000eb100000, 0x00000000eb100000, 0x00000000eb200000|  0%| F|  |TAMS 0x00000000eb100000, 0x00000000eb100000| Untracked 
| 178|0x00000000eb200000, 0x00000000eb200000, 0x00000000eb300000|  0%| F|  |TAMS 0x00000000eb200000, 0x00000000eb200000| Untracked 
| 179|0x00000000eb300000, 0x00000000eb300000, 0x00000000eb400000|  0%| F|  |TAMS 0x00000000eb300000, 0x00000000eb300000| Untracked 
| 180|0x00000000eb400000, 0x00000000eb400000, 0x00000000eb500000|  0%| F|  |TAMS 0x00000000eb400000, 0x00000000eb400000| Untracked 
| 181|0x00000000eb500000, 0x00000000eb500000, 0x00000000eb600000|  0%| F|  |TAMS 0x00000000eb500000, 0x00000000eb500000| Untracked 
| 182|0x00000000eb600000, 0x00000000eb600000, 0x00000000eb700000|  0%| F|  |TAMS 0x00000000eb600000, 0x00000000eb600000| Untracked 
| 183|0x00000000eb700000, 0x00000000eb700000, 0x00000000eb800000|  0%| F|  |TAMS 0x00000000eb700000, 0x00000000eb700000| Untracked 
| 184|0x00000000eb800000, 0x00000000eb800000, 0x00000000eb900000|  0%| F|  |TAMS 0x00000000eb800000, 0x00000000eb800000| Untracked 
| 185|0x00000000eb900000, 0x00000000eb900000, 0x00000000eba00000|  0%| F|  |TAMS 0x00000000eb900000, 0x00000000eb900000| Untracked 
| 186|0x00000000eba00000, 0x00000000eba00000, 0x00000000ebb00000|  0%| F|  |TAMS 0x00000000eba00000, 0x00000000eba00000| Untracked 
| 187|0x00000000ebb00000, 0x00000000ebb00000, 0x00000000ebc00000|  0%| F|  |TAMS 0x00000000ebb00000, 0x00000000ebb00000| Untracked 
| 188|0x00000000ebc00000, 0x00000000ebc00000, 0x00000000ebd00000|  0%| F|  |TAMS 0x00000000ebc00000, 0x00000000ebc00000| Untracked 
| 189|0x00000000ebd00000, 0x00000000ebd00000, 0x00000000ebe00000|  0%| F|  |TAMS 0x00000000ebd00000, 0x00000000ebd00000| Untracked 
| 190|0x00000000ebe00000, 0x00000000ebe00000, 0x00000000ebf00000|  0%| F|  |TAMS 0x00000000ebe00000, 0x00000000ebe00000| Untracked 
| 191|0x00000000ebf00000, 0x00000000ebf00000, 0x00000000ec000000|  0%| F|  |TAMS 0x00000000ebf00000, 0x00000000ebf00000| Untracked 
| 192|0x00000000ec000000, 0x00000000ec000000, 0x00000000ec100000|  0%| F|  |TAMS 0x00000000ec000000, 0x00000000ec000000| Untracked 
| 193|0x00000000ec100000, 0x00000000ec100000, 0x00000000ec200000|  0%| F|  |TAMS 0x00000000ec100000, 0x00000000ec100000| Untracked 
| 194|0x00000000ec200000, 0x00000000ec200000, 0x00000000ec300000|  0%| F|  |TAMS 0x00000000ec200000, 0x00000000ec200000| Untracked 
| 195|0x00000000ec300000, 0x00000000ec300000, 0x00000000ec400000|  0%| F|  |TAMS 0x00000000ec300000, 0x00000000ec300000| Untracked 
| 196|0x00000000ec400000, 0x00000000ec400000, 0x00000000ec500000|  0%| F|  |TAMS 0x00000000ec400000, 0x00000000ec400000| Untracked 
| 197|0x00000000ec500000, 0x00000000ec500000, 0x00000000ec600000|  0%| F|  |TAMS 0x00000000ec500000, 0x00000000ec500000| Untracked 
| 198|0x00000000ec600000, 0x00000000ec600000, 0x00000000ec700000|  0%| F|  |TAMS 0x00000000ec600000, 0x00000000ec600000| Untracked 
| 199|0x00000000ec700000, 0x00000000ec700000, 0x00000000ec800000|  0%| F|  |TAMS 0x00000000ec700000, 0x00000000ec700000| Untracked 
| 200|0x00000000ec800000, 0x00000000ec800000, 0x00000000ec900000|  0%| F|  |TAMS 0x00000000ec800000, 0x00000000ec800000| Untracked 
| 201|0x00000000ec900000, 0x00000000ec900000, 0x00000000eca00000|  0%| F|  |TAMS 0x00000000ec900000, 0x00000000ec900000| Untracked 
| 202|0x00000000eca00000, 0x00000000eca00000, 0x00000000ecb00000|  0%| F|  |TAMS 0x00000000eca00000, 0x00000000eca00000| Untracked 
| 203|0x00000000ecb00000, 0x00000000ecb00000, 0x00000000ecc00000|  0%| F|  |TAMS 0x00000000ecb00000, 0x00000000ecb00000| Untracked 
| 204|0x00000000ecc00000, 0x00000000ecc00000, 0x00000000ecd00000|  0%| F|  |TAMS 0x00000000ecc00000, 0x00000000ecc00000| Untracked 
| 205|0x00000000ecd00000, 0x00000000ecd00000, 0x00000000ece00000|  0%| F|  |TAMS 0x00000000ecd00000, 0x00000000ecd00000| Untracked 
| 206|0x00000000ece00000, 0x00000000ece00000, 0x00000000ecf00000|  0%| F|  |TAMS 0x00000000ece00000, 0x00000000ece00000| Untracked 
| 207|0x00000000ecf00000, 0x00000000ecf00000, 0x00000000ed000000|  0%| F|  |TAMS 0x00000000ecf00000, 0x00000000ecf00000| Untracked 
| 208|0x00000000ed000000, 0x00000000ed000000, 0x00000000ed100000|  0%| F|  |TAMS 0x00000000ed000000, 0x00000000ed000000| Untracked 
| 209|0x00000000ed100000, 0x00000000ed100000, 0x00000000ed200000|  0%| F|  |TAMS 0x00000000ed100000, 0x00000000ed100000| Untracked 
| 210|0x00000000ed200000, 0x00000000ed200000, 0x00000000ed300000|  0%| F|  |TAMS 0x00000000ed200000, 0x00000000ed200000| Untracked 
| 211|0x00000000ed300000, 0x00000000ed380800, 0x00000000ed400000| 50%| E|  |TAMS 0x00000000ed300000, 0x00000000ed300000| Complete 
| 212|0x00000000ed400000, 0x00000000ed500000, 0x00000000ed500000|100%| E|CS|TAMS 0x00000000ed400000, 0x00000000ed400000| Complete 
| 213|0x00000000ed500000, 0x00000000ed600000, 0x00000000ed600000|100%| E|CS|TAMS 0x00000000ed500000, 0x00000000ed500000| Complete 
| 214|0x00000000ed600000, 0x00000000ed700000, 0x00000000ed700000|100%| E|CS|TAMS 0x00000000ed600000, 0x00000000ed600000| Complete 
| 215|0x00000000ed700000, 0x00000000ed800000, 0x00000000ed800000|100%| E|CS|TAMS 0x00000000ed700000, 0x00000000ed700000| Complete 
| 216|0x00000000ed800000, 0x00000000ed900000, 0x00000000ed900000|100%| E|CS|TAMS 0x00000000ed800000, 0x00000000ed800000| Complete 
| 217|0x00000000ed900000, 0x00000000eda00000, 0x00000000eda00000|100%| E|CS|TAMS 0x00000000ed900000, 0x00000000ed900000| Complete 
| 218|0x00000000eda00000, 0x00000000edb00000, 0x00000000edb00000|100%| E|CS|TAMS 0x00000000eda00000, 0x00000000eda00000| Complete 
| 219|0x00000000edb00000, 0x00000000edc00000, 0x00000000edc00000|100%| E|CS|TAMS 0x00000000edb00000, 0x00000000edb00000| Complete 
| 220|0x00000000edc00000, 0x00000000edd00000, 0x00000000edd00000|100%| E|CS|TAMS 0x00000000edc00000, 0x00000000edc00000| Complete 
| 221|0x00000000edd00000, 0x00000000ede00000, 0x00000000ede00000|100%| E|CS|TAMS 0x00000000edd00000, 0x00000000edd00000| Complete 
| 222|0x00000000ede00000, 0x00000000edf00000, 0x00000000edf00000|100%| E|CS|TAMS 0x00000000ede00000, 0x00000000ede00000| Complete 
| 223|0x00000000edf00000, 0x00000000ee000000, 0x00000000ee000000|100%| E|CS|TAMS 0x00000000edf00000, 0x00000000edf00000| Complete 
| 224|0x00000000ee000000, 0x00000000ee100000, 0x00000000ee100000|100%| E|CS|TAMS 0x00000000ee000000, 0x00000000ee000000| Complete 
| 225|0x00000000ee100000, 0x00000000ee1d8a30, 0x00000000ee200000| 84%| S|CS|TAMS 0x00000000ee100000, 0x00000000ee100000| Complete 
| 226|0x00000000ee200000, 0x00000000ee300000, 0x00000000ee300000|100%| S|CS|TAMS 0x00000000ee200000, 0x00000000ee200000| Complete 
| 227|0x00000000ee300000, 0x00000000ee400000, 0x00000000ee400000|100%| E|CS|TAMS 0x00000000ee300000, 0x00000000ee300000| Complete 
| 228|0x00000000ee400000, 0x00000000ee500000, 0x00000000ee500000|100%| E|CS|TAMS 0x00000000ee400000, 0x00000000ee400000| Complete 
| 229|0x00000000ee500000, 0x00000000ee600000, 0x00000000ee600000|100%| E|CS|TAMS 0x00000000ee500000, 0x00000000ee500000| Complete 
| 230|0x00000000ee600000, 0x00000000ee700000, 0x00000000ee700000|100%| E|CS|TAMS 0x00000000ee600000, 0x00000000ee600000| Complete 
| 231|0x00000000ee700000, 0x00000000ee800000, 0x00000000ee800000|100%| E|CS|TAMS 0x00000000ee700000, 0x00000000ee700000| Complete 
| 232|0x00000000ee800000, 0x00000000ee900000, 0x00000000ee900000|100%| E|CS|TAMS 0x00000000ee800000, 0x00000000ee800000| Complete 
| 233|0x00000000ee900000, 0x00000000eea00000, 0x00000000eea00000|100%| E|CS|TAMS 0x00000000ee900000, 0x00000000ee900000| Complete 
| 234|0x00000000eea00000, 0x00000000eeb00000, 0x00000000eeb00000|100%| E|CS|TAMS 0x00000000eea00000, 0x00000000eea00000| Complete 
| 235|0x00000000eeb00000, 0x00000000eec00000, 0x00000000eec00000|100%| E|CS|TAMS 0x00000000eeb00000, 0x00000000eeb00000| Complete 
| 236|0x00000000eec00000, 0x00000000eed00000, 0x00000000eed00000|100%| E|CS|TAMS 0x00000000eec00000, 0x00000000eec00000| Complete 
| 237|0x00000000eed00000, 0x00000000eee00000, 0x00000000eee00000|100%| E|CS|TAMS 0x00000000eed00000, 0x00000000eed00000| Complete 
| 238|0x00000000eee00000, 0x00000000eef00000, 0x00000000eef00000|100%| E|CS|TAMS 0x00000000eee00000, 0x00000000eee00000| Complete 
| 239|0x00000000eef00000, 0x00000000ef000000, 0x00000000ef000000|100%| E|CS|TAMS 0x00000000eef00000, 0x00000000eef00000| Complete 
| 240|0x00000000ef000000, 0x00000000ef100000, 0x00000000ef100000|100%| E|CS|TAMS 0x00000000ef000000, 0x00000000ef000000| Complete 
| 241|0x00000000ef100000, 0x00000000ef200000, 0x00000000ef200000|100%| E|CS|TAMS 0x00000000ef100000, 0x00000000ef100000| Complete 
| 242|0x00000000ef200000, 0x00000000ef300000, 0x00000000ef300000|100%| E|CS|TAMS 0x00000000ef200000, 0x00000000ef200000| Complete 
| 243|0x00000000ef300000, 0x00000000ef400000, 0x00000000ef400000|100%| E|CS|TAMS 0x00000000ef300000, 0x00000000ef300000| Complete 
| 244|0x00000000ef400000, 0x00000000ef500000, 0x00000000ef500000|100%| E|CS|TAMS 0x00000000ef400000, 0x00000000ef400000| Complete 
| 245|0x00000000ef500000, 0x00000000ef600000, 0x00000000ef600000|100%| E|CS|TAMS 0x00000000ef500000, 0x00000000ef500000| Complete 
| 246|0x00000000ef600000, 0x00000000ef700000, 0x00000000ef700000|100%| E|CS|TAMS 0x00000000ef600000, 0x00000000ef600000| Complete 
| 247|0x00000000ef700000, 0x00000000ef800000, 0x00000000ef800000|100%| E|CS|TAMS 0x00000000ef700000, 0x00000000ef700000| Complete 
| 248|0x00000000ef800000, 0x00000000ef900000, 0x00000000ef900000|100%| E|CS|TAMS 0x00000000ef800000, 0x00000000ef800000| Complete 
| 249|0x00000000ef900000, 0x00000000efa00000, 0x00000000efa00000|100%| E|CS|TAMS 0x00000000ef900000, 0x00000000ef900000| Complete 
| 250|0x00000000efa00000, 0x00000000efb00000, 0x00000000efb00000|100%| E|CS|TAMS 0x00000000efa00000, 0x00000000efa00000| Complete 
| 251|0x00000000efb00000, 0x00000000efc00000, 0x00000000efc00000|100%| E|CS|TAMS 0x00000000efb00000, 0x00000000efb00000| Complete 
| 252|0x00000000efc00000, 0x00000000efd00000, 0x00000000efd00000|100%| E|CS|TAMS 0x00000000efc00000, 0x00000000efc00000| Complete 
| 253|0x00000000efd00000, 0x00000000efe00000, 0x00000000efe00000|100%| E|CS|TAMS 0x00000000efd00000, 0x00000000efd00000| Complete 
| 254|0x00000000efe00000, 0x00000000eff00000, 0x00000000eff00000|100%| E|CS|TAMS 0x00000000efe00000, 0x00000000efe00000| Complete 
| 255|0x00000000eff00000, 0x00000000f0000000, 0x00000000f0000000|100%| E|CS|TAMS 0x00000000eff00000, 0x00000000eff00000| Complete 

Card table byte_map: [0x00000288c0820000,0x00000288c0920000] _byte_map_base: 0x00000288c0120000

Marking Bits (Prev, Next): (CMBitMap*) 0x00000288a6ed61b0, (CMBitMap*) 0x00000288a6ed6178
 Prev Bits: [0x00000288c1220000, 0x00000288c1a20000)
 Next Bits: [0x00000288c0a20000, 0x00000288c1220000)

Polling page: 0x00000288a6d30000

Metaspace:

Usage:
  Non-class:     27.11 MB capacity,    26.64 MB ( 98%) used,   428.70 KB (  2%) free+waste,    54.19 KB ( <1%) overhead. 
      Class:      4.11 MB capacity,     3.89 MB ( 95%) used,   195.29 KB (  5%) free+waste,    26.19 KB ( <1%) overhead. 
       Both:     31.21 MB capacity,    30.53 MB ( 98%) used,   623.98 KB (  2%) free+waste,    80.38 KB ( <1%) overhead. 

Virtual space:
  Non-class space:       28.00 MB reserved,      27.17 MB ( 97%) committed 
      Class space:      248.00 MB reserved,       4.13 MB (  2%) committed 
             Both:      276.00 MB reserved,      31.30 MB ( 11%) committed 

Chunk freelists:
   Non-Class:  1.00 KB
       Class:  19.00 KB
        Both:  20.00 KB

MaxMetaspaceSize: 256.00 MB
CompressedClassSpaceSize: 248.00 MB

CodeHeap 'non-profiled nmethods': size=120000Kb used=1014Kb max_used=1014Kb free=118985Kb
 bounds [0x00000288b8790000, 0x00000288b8a00000, 0x00000288bfcc0000]
CodeHeap 'profiled nmethods': size=120000Kb used=4638Kb max_used=4638Kb free=115361Kb
 bounds [0x00000288b1260000, 0x00000288b16f0000, 0x00000288b8790000]
CodeHeap 'non-nmethods': size=5760Kb used=1151Kb max_used=1175Kb free=4608Kb
 bounds [0x00000288b0cc0000, 0x00000288b0f30000, 0x00000288b1260000]
 total_blobs=2746 nmethods=2251 adapters=406
 compilation: enabled
              stopped_count=0, restarted_count=0
 full_count=0

Compilation events (20 events):
Event: 14.402 Thread 0x00000288c4e38000 2369       3       jdk.internal.org.objectweb.asm.ClassWriter::<init> (117 bytes)
Event: 14.402 Thread 0x00000288c4e38000 nmethod 2369 0x00000288b16b3e10 code [0x00000288b16b40a0, 0x00000288b16b4cc8]
Event: 14.402 Thread 0x00000288c4e38000 2370       3       jdk.internal.org.objectweb.asm.ClassVisitor::<init> (7 bytes)
Event: 14.403 Thread 0x00000288c4e38000 nmethod 2370 0x00000288b16b4f90 code [0x00000288b16b5160, 0x00000288b16b5488]
Event: 14.405 Thread 0x00000288c4e38000 2373       3       java.util.regex.Pattern$BmpCharProperty::match (55 bytes)
Event: 14.405 Thread 0x00000288c4e38000 nmethod 2373 0x00000288b16b5590 code [0x00000288b16b5780, 0x00000288b16b5be8]
Event: 14.405 Thread 0x00000288c4e38000 2374       3       org.objectweb.asm.SymbolTable::addConstantNameAndType (137 bytes)
Event: 14.405 Thread 0x00000288c4e38000 nmethod 2374 0x00000288b16b5d90 code [0x00000288b16b6000, 0x00000288b16b67a8]
Event: 14.405 Thread 0x00000288c4e38000 2376       3       org.objectweb.asm.Frame::putAbstractType (379 bytes)
Event: 14.406 Thread 0x00000288c4e38000 nmethod 2376 0x00000288b16b6c10 code [0x00000288b16b7080, 0x00000288b16b89f8]
Event: 14.406 Thread 0x00000288c4e38000 2375       3       org.objectweb.asm.SymbolTable::hash (15 bytes)
Event: 14.406 Thread 0x00000288c4e38000 nmethod 2375 0x00000288b16b9510 code [0x00000288b16b96e0, 0x00000288b16b9858]
Event: 14.406 Thread 0x00000288c4e38000 2377       3       org.objectweb.asm.ByteVector::putByteArray (49 bytes)
Event: 14.406 Thread 0x00000288c4e38000 nmethod 2377 0x00000288b16b9990 code [0x00000288b16b9b60, 0x00000288b16b9e18]
Event: 14.406 Thread 0x00000288c4e38000 2378       3       jdk.internal.org.objectweb.asm.MethodWriter::put (1602 bytes)
Event: 14.409 Thread 0x00000288c4e38000 nmethod 2378 0x00000288b16b9f10 code [0x00000288b16ba800, 0x00000288b16bdb78]
Event: 14.418 Thread 0x00000288c4e38000 2380       3       jdk.internal.misc.Unsafe::weakCompareAndSetInt (11 bytes)
Event: 14.418 Thread 0x00000288c4e38000 nmethod 2380 0x00000288b16bf190 code [0x00000288b16bf340, 0x00000288b16bf458]
Event: 14.418 Thread 0x00000288c4e38000 2381       3       java.lang.Long::hashCode (8 bytes)
Event: 14.418 Thread 0x00000288c4e38000 nmethod 2381 0x00000288b16bf510 code [0x00000288b16bf6c0, 0x00000288b16bf7b8]

GC Heap History (6 events):
Event: 0.947 GC heap before
{Heap before GC invocations=0 (full 0):
 garbage-first heap   total 262144K, used 29696K [0x00000000e0000000, 0x0000000100000000)
  region size 1024K, 24 young (24576K), 0 survivors (0K)
 Metaspace       used 10425K, capacity 10632K, committed 10752K, reserved 264192K
  class space    used 1098K, capacity 1164K, committed 1280K, reserved 253952K
}
Event: 0.953 GC heap after
{Heap after GC invocations=1 (full 0):
 garbage-first heap   total 262144K, used 8615K [0x00000000e0000000, 0x0000000100000000)
  region size 1024K, 3 young (3072K), 3 survivors (3072K)
 Metaspace       used 10425K, capacity 10632K, committed 10752K, reserved 264192K
  class space    used 1098K, capacity 1164K, committed 1280K, reserved 253952K
}
Event: 10.667 GC heap before
{Heap before GC invocations=1 (full 0):
 garbage-first heap   total 262144K, used 89511K [0x00000000e0000000, 0x0000000100000000)
  region size 1024K, 84 young (86016K), 3 survivors (3072K)
 Metaspace       used 20802K, capacity 21218K, committed 21296K, reserved 274432K
  class space    used 2493K, capacity 2660K, committed 2688K, reserved 253952K
}
Event: 10.690 GC heap after
{Heap after GC invocations=2 (full 0):
 garbage-first heap   total 262144K, used 15613K [0x00000000e0000000, 0x0000000100000000)
  region size 1024K, 10 young (10240K), 10 survivors (10240K)
 Metaspace       used 20802K, capacity 21218K, committed 21296K, reserved 274432K
  class space    used 2493K, capacity 2660K, committed 2688K, reserved 253952K
}
Event: 13.672 GC heap before
{Heap before GC invocations=3 (full 0):
 garbage-first heap   total 262144K, used 45309K [0x00000000e0000000, 0x0000000100000000)
  region size 1024K, 39 young (39936K), 10 survivors (10240K)
 Metaspace       used 24801K, capacity 25352K, committed 25520K, reserved 276480K
  class space    used 3129K, capacity 3321K, committed 3328K, reserved 253952K
}
Event: 13.678 GC heap after
{Heap after GC invocations=4 (full 0):
 garbage-first heap   total 262144K, used 17697K [0x00000000e0000000, 0x0000000100000000)
  region size 1024K, 2 young (2048K), 2 survivors (2048K)
 Metaspace       used 24801K, capacity 25352K, committed 25520K, reserved 276480K
  class space    used 3129K, capacity 3321K, committed 3328K, reserved 253952K
}

Deoptimization events (20 events):
Event: 11.292 Thread 0x00000288c5c7f000 Uncommon trap: trap_request=0xffffff4d fr.pc=0x00000288b87e44d0 relative=0x0000000000000a50
Event: 11.292 Thread 0x00000288c5c7f000 Uncommon trap: reason=unstable_if action=reinterpret pc=0x00000288b87e44d0 method=java.io.WinNTFileSystem.resolve(Ljava/lang/String;Ljava/lang/String;)Ljava/lang/String; @ 156 c2
Event: 11.292 Thread 0x00000288c5c7f000 DEOPT PACKING pc=0x00000288b87e44d0 sp=0x000000af5c5fac00
Event: 11.292 Thread 0x00000288c5c7f000 DEOPT UNPACKING pc=0x00000288b0ce74af sp=0x000000af5c5faba0 mode 2
Event: 11.492 Thread 0x00000288c5c7f000 Uncommon trap: trap_request=0xffffff4d fr.pc=0x00000288b87efbd4 relative=0x0000000000000094
Event: 11.492 Thread 0x00000288c5c7f000 Uncommon trap: reason=unstable_if action=reinterpret pc=0x00000288b87efbd4 method=java.util.LinkedHashMap.afterNodeInsertion(Z)V @ 1 c2
Event: 11.492 Thread 0x00000288c5c7f000 DEOPT PACKING pc=0x00000288b87efbd4 sp=0x000000af5c5fa4f0
Event: 11.492 Thread 0x00000288c5c7f000 DEOPT UNPACKING pc=0x00000288b0ce74af sp=0x000000af5c5fa470 mode 2
Event: 11.538 Thread 0x00000288c5c7f000 Uncommon trap: trap_request=0xffffff4d fr.pc=0x00000288b87f897c relative=0x000000000000023c
Event: 11.538 Thread 0x00000288c5c7f000 Uncommon trap: reason=unstable_if action=reinterpret pc=0x00000288b87f897c method=java.util.concurrent.ConcurrentHashMap.get(Ljava/lang/Object;)Ljava/lang/Object; @ 76 c2
Event: 11.538 Thread 0x00000288c5c7f000 DEOPT PACKING pc=0x00000288b87f897c sp=0x000000af5c5f84d0
Event: 11.538 Thread 0x00000288c5c7f000 DEOPT UNPACKING pc=0x00000288b0ce74af sp=0x000000af5c5f8438 mode 2
Event: 13.893 Thread 0x00000288c5c7f000 Uncommon trap: trap_request=0xffffff4d fr.pc=0x00000288b87bd364 relative=0x0000000000000224
Event: 13.893 Thread 0x00000288c5c7f000 Uncommon trap: reason=unstable_if action=reinterpret pc=0x00000288b87bd364 method=java.util.HashMap.hash(Ljava/lang/Object;)I @ 1 c2
Event: 13.893 Thread 0x00000288c5c7f000 DEOPT PACKING pc=0x00000288b87bd364 sp=0x000000af5c5f8b60
Event: 13.893 Thread 0x00000288c5c7f000 DEOPT UNPACKING pc=0x00000288b0ce74af sp=0x000000af5c5f8a98 mode 2
Event: 14.377 Thread 0x00000288c5c7f000 Uncommon trap: trap_request=0xffffff4d fr.pc=0x00000288b887c184 relative=0x00000000000001a4
Event: 14.377 Thread 0x00000288c5c7f000 Uncommon trap: reason=unstable_if action=reinterpret pc=0x00000288b887c184 method=java.util.regex.Pattern$BmpCharProperty.match(Ljava/util/regex/Matcher;ILjava/lang/CharSequence;)Z @ 39 c2
Event: 14.377 Thread 0x00000288c5c7f000 DEOPT PACKING pc=0x00000288b887c184 sp=0x000000af5c5f97d0
Event: 14.377 Thread 0x00000288c5c7f000 DEOPT UNPACKING pc=0x00000288b0ce74af sp=0x000000af5c5f9780 mode 2

Classes redefined (0 events):
No events

Internal exceptions (20 events):
Event: 10.316 Thread 0x00000288c5c7f000 Exception <a 'java/lang/NoSuchMethodError'{0x00000000eb848828}: 'void java.lang.invoke.DirectMethodHandle$Holder.invokeStaticInit(java.lang.Object)'> (0x00000000eb848828) thrown at [./src/hotspot/share/interpreter/linkResolver.cpp, line 773]
Event: 10.782 Thread 0x00000288c5c7f000 Exception <a 'java/lang/NoSuchMethodError'{0x00000000efdeef08}: 'java.lang.Object java.lang.invoke.DirectMethodHandle$Holder.invokeVirtual(java.lang.Object, java.lang.Object, java.lang.Object, java.lang.Object)'> (0x00000000efdeef08) thrown at [./src/hotspot/share/interpreter/linkResolver.cpp, line 773]
Event: 10.928 Thread 0x00000288c5c7f000 Exception <a 'java/lang/NoSuchMethodError'{0x00000000ef9e2b80}: 'int java.lang.invoke.DirectMethodHandle$Holder.invokeSpecialIFC(java.lang.Object, java.lang.Object, java.lang.Object, java.lang.Object)'> (0x00000000ef9e2b80) thrown at [./src/hotspot/share/interpreter/linkResolver.cpp, line 773]
Event: 10.929 Thread 0x00000288c5c7f000 Exception <a 'java/lang/NoSuchMethodError'{0x00000000ef9f0ce8}: 'java.lang.Object java.lang.invoke.DirectMethodHandle$Holder.invokeInterface(java.lang.Object, java.lang.Object, java.lang.Object)'> (0x00000000ef9f0ce8) thrown at [./src/hotspot/share/interpreter/linkResolver.cpp, line 773]
Event: 10.929 Thread 0x00000288c5c7f000 Exception <a 'java/lang/IncompatibleClassChangeError'{0x00000000ef9f4468}: Found class java.lang.Object, but interface was expected> (0x00000000ef9f4468) thrown at [./src/hotspot/share/interpreter/linkResolver.cpp, line 839]
Event: 11.608 Thread 0x00000288c5c7f000 Exception <a 'java/lang/NoSuchMethodError'{0x00000000ef0b6f48}: 'void java.lang.invoke.DirectMethodHandle$Holder.invokeSpecial(java.lang.Object, java.lang.Object, java.lang.Object, java.lang.Object, java.lang.Object, java.lang.Object)'> (0x00000000ef0b6f48) thrown at [./src/hotspot/share/interpreter/linkResolver.cpp, line 773]
Event: 13.151 Thread 0x00000288c5c7f000 Exception <a 'java/lang/NoSuchMethodError'{0x00000000eecd3db8}: 'java.lang.Object java.lang.invoke.DirectMethodHandle$Holder.invokeSpecialIFC(java.lang.Object, java.lang.Object, java.lang.Object, java.lang.Object)'> (0x00000000eecd3db8) thrown at [./src/hotspot/share/interpreter/linkResolver.cpp, line 773]
Event: 13.321 Thread 0x00000288c5c7f000 Exception <a 'java/lang/NoSuchMethodError'{0x00000000eeaa29a0}: 'java.lang.Object java.lang.invoke.Invokers$Holder.invoker(java.lang.Object, java.lang.Object, java.lang.Object)'> (0x00000000eeaa29a0) thrown at [./src/hotspot/share/interpreter/linkResolver.cpp, line 773]
Event: 13.337 Thread 0x00000288c5c7f000 Exception <a 'java/lang/NoSuchMethodError'{0x00000000ee9a4250}: 'void java.lang.invoke.DirectMethodHandle$Holder.invokeSpecial(java.lang.Object, java.lang.Object, java.lang.Object, java.lang.Object, java.lang.Object, java.lang.Object, java.lang.Object)'> (0x00000000ee9a4250) thrown at [./src/hotspot/share/interpreter/linkResolver.cpp, line 773]
Event: 13.337 Thread 0x00000288c5c7f000 Exception <a 'java/lang/NoSuchMethodError'{0x00000000ee9ac498}: 'java.lang.Object java.lang.invoke.Invokers$Holder.linkToTargetMethod(java.lang.Object, java.lang.Object, java.lang.Object, java.lang.Object, java.lang.Object, java.lang.Object)'> (0x00000000ee9ac498) thrown at [./src/hotspot/share/interpreter/linkResolver.cpp, line 773]
Event: 13.893 Thread 0x00000288c5c7f000 Implicit null exception at 0x00000288b87bd175 to 0x00000288b87bd354
Event: 13.949 Thread 0x00000288c5c7f000 Exception <a 'java/lang/NoSuchMethodError'{0x00000000ef46b9f8}: 'java.lang.Object java.lang.invoke.DirectMethodHandle$Holder.invokeSpecial(java.lang.Object, java.lang.Object, java.lang.Object, java.lang.Object, java.lang.Object, java.lang.Object, java.lang.Object, java.lang.Object, java.lang.Object, java.lang.Object, java.lang.Object, java.lang.Object, java.lang.Object)'> (0x00000000ef46b9f8) thrown at [./src/hotspot/share/interpreter/linkResolver.cpp, line 773]
Event: 13.950 Thread 0x00000288c5c7f000 Exception <a 'java/lang/NoSuchMethodError'{0x00000000ef47c9d8}: 'java.lang.Object java.lang.invoke.DirectMethodHandle$Holder.invokeSpecial(java.lang.Object, java.lang.Object, java.lang.Object, java.lang.Object, java.lang.Object, java.lang.Object, java.lang.Object, java.lang.Object, java.lang.Object, java.lang.Object, java.lang.Object, java.lang.Object)'> (0x00000000ef47c9d8) thrown at [./src/hotspot/share/interpreter/linkResolver.cpp, line 773]
Event: 13.951 Thread 0x00000288c5c7f000 Exception <a 'java/lang/NoSuchMethodError'{0x00000000ef481ac8}: 'java.lang.Object java.lang.invoke.Invokers$Holder.linkToTargetMethod(java.lang.Object, java.lang.Object, java.lang.Object, java.lang.Object, java.lang.Object, java.lang.Object, java.lang.Object, java.lang.Object, java.lang.Object, java.lang.Object, java.lang.Object)'> (0x00000000ef481ac8) thrown at [./src/hotspot/share/interpreter/linkResolver.cpp, line 773]
Event: 13.964 Thread 0x00000288c5c7f000 Exception <a 'java/lang/NoSuchMethodError'{0x00000000ef370118}: 'java.lang.Object java.lang.invoke.DirectMethodHandle$Holder.invokeSpecial(java.lang.Object, java.lang.Object, java.lang.Object, java.lang.Object, java.lang.Object, java.lang.Object, java.lang.Object, java.lang.Object, java.lang.Object, java.lang.Object, java.lang.Object, java.lang.Object, java.lang.Object, java.lang.Object)'> (0x00000000ef370118) thrown at [./src/hotspot/share/interpreter/linkResolver.cpp, line 773]
Event: 13.966 Thread 0x00000288c5c7f000 Exception <a 'java/lang/NoSuchMethodError'{0x00000000ef382268}: 'java.lang.Object java.lang.invoke.Invokers$Holder.linkToTargetMethod(java.lang.Object, java.lang.Object, java.lang.Object, java.lang.Object, java.lang.Object, java.lang.Object, java.lang.Object, java.lang.Object, java.lang.Object, java.lang.Object, java.lang.Object, java.lang.Object)'> (0x00000000ef382268) thrown at [./src/hotspot/share/interpreter/linkResolver.cpp, line 773]
Event: 13.971 Thread 0x00000288c5c7f000 Exception <a 'java/lang/NoSuchMethodError'{0x00000000ef3ecec8}: 'java.lang.Object java.lang.invoke.DirectMethodHandle$Holder.invokeStaticInit(java.lang.Object, java.lang.Object, java.lang.Object, java.lang.Object)'> (0x00000000ef3ecec8) thrown at [./src/hotspot/share/interpreter/linkResolver.cpp, line 773]
Event: 14.401 Thread 0x00000288c5c7f000 Exception <a 'java/lang/NoSuchMethodError'{0x00000000edfcd2a8}: 'java.lang.Object java.lang.invoke.DirectMethodHandle$Holder.invokeSpecial(java.lang.Object, java.lang.Object, java.lang.Object, java.lang.Object, java.lang.Object, java.lang.Object, java.lang.Object, java.lang.Object, java.lang.Object)'> (0x00000000edfcd2a8) thrown at [./src/hotspot/share/interpreter/linkResolver.cpp, line 773]
Event: 14.402 Thread 0x00000288c5c7f000 Exception <a 'java/lang/NoSuchMethodError'{0x00000000edfd19f0}: 'java.lang.Object java.lang.invoke.Invokers$Holder.linkToTargetMethod(java.lang.Object, java.lang.Object, java.lang.Object, java.lang.Object, java.lang.Object, java.lang.Object, java.lang.Object, java.lang.Object)'> (0x00000000edfd19f0) thrown at [./src/hotspot/share/interpreter/linkResolver.cpp, line 773]
Event: 14.405 Thread 0x00000288c5c7f000 Exception <a 'java/lang/NoSuchMethodError'{0x00000000ede365c0}: 'void java.lang.invoke.DirectMethodHandle$Holder.invokeStaticInit(java.lang.Object, java.lang.Object)'> (0x00000000ede365c0) thrown at [./src/hotspot/share/interpreter/linkResolver.cpp, line 773]

Events (20 events):
Event: 14.418 loading class org/gradle/configuration/ConfigurationTargetIdentifier$Type done
Event: 14.418 loading class org/gradle/configuration/ApplyScriptPluginBuildOperationType$Details
Event: 14.418 loading class org/gradle/configuration/ApplyScriptPluginBuildOperationType$Details done
Event: 14.418 loading class org/gradle/tooling/internal/protocol/events/InternalPluginIdentifier
Event: 14.418 loading class org/gradle/tooling/internal/protocol/events/InternalPluginIdentifier done
Event: 14.418 loading class org/gradle/tooling/internal/provider/runner/PluginApplicationTracker
Event: 14.418 loading class org/gradle/tooling/internal/provider/runner/PluginApplicationTracker done
Event: 14.419 loading class org/gradle/configuration/InitScriptTarget
Event: 14.419 loading class org/gradle/configuration/InitScriptTarget done
Event: 14.419 loading class org/gradle/configuration/DefaultScriptTarget
Event: 14.419 loading class org/gradle/configuration/DefaultScriptTarget done
Event: 14.419 loading class org/gradle/groovy/scripts/DefaultScriptCompilerFactory$ScriptCompilerImpl
Event: 14.419 loading class org/gradle/groovy/scripts/DefaultScriptCompilerFactory$ScriptCompilerImpl done
Event: 14.419 loading class org/gradle/groovy/scripts/CachingScriptSource
Event: 14.419 loading class org/gradle/groovy/scripts/CachingScriptSource done
Event: 14.419 loading class org/gradle/groovy/scripts/DelegatingScriptSource
Event: 14.419 loading class org/gradle/groovy/scripts/DelegatingScriptSource done
Event: 14.419 loading class org/gradle/internal/resource/CachingTextResource
Event: 14.419 loading class org/gradle/internal/resource/CachingTextResource done
Event: 14.420 loading class java/io/StringReader


Dynamic libraries:
0x00007ff6c1270000 - 0x00007ff6c127d000 	C:\Program Files\Amazon Corretto\jdk11.0.8_10\bin\java.exe
0x00007ffee84e0000 - 0x00007ffee86d0000 	C:\WINDOWS\SYSTEM32\ntdll.dll
0x00007ffee6590000 - 0x00007ffee6642000 	C:\WINDOWS\System32\KERNEL32.DLL
0x00007ffee58c0000 - 0x00007ffee5b65000 	C:\WINDOWS\System32\KERNELBASE.dll
0x00007ffee5590000 - 0x00007ffee568a000 	C:\WINDOWS\System32\ucrtbase.dll
0x00007ffed8860000 - 0x00007ffed8877000 	C:\Program Files\Amazon Corretto\jdk11.0.8_10\bin\jli.dll
0x00007ffed7890000 - 0x00007ffed78a5000 	C:\Program Files\Amazon Corretto\jdk11.0.8_10\bin\VCRUNTIME140.dll
0x00007ffee6cb0000 - 0x00007ffee6e44000 	C:\WINDOWS\System32\USER32.dll
0x00007ffee5b70000 - 0x00007ffee5b91000 	C:\WINDOWS\System32\win32u.dll
0x00007ffedb410000 - 0x00007ffedb694000 	C:\WINDOWS\WinSxS\amd64_microsoft.windows.common-controls_6595b64144ccf1df_6.0.18362.1139_none_9e7bf2d3e4605ac6\COMCTL32.dll
0x00007ffee7060000 - 0x00007ffee7086000 	C:\WINDOWS\System32\GDI32.dll
0x00007ffee83f0000 - 0x00007ffee848e000 	C:\WINDOWS\System32\msvcrt.dll
0x00007ffee63f0000 - 0x00007ffee6586000 	C:\WINDOWS\System32\gdi32full.dll
0x00007ffee68c0000 - 0x00007ffee6bf5000 	C:\WINDOWS\System32\combase.dll
0x00007ffee5490000 - 0x00007ffee552e000 	C:\WINDOWS\System32\msvcp_win.dll
0x00007ffee6730000 - 0x00007ffee6850000 	C:\WINDOWS\System32\RPCRT4.dll
0x00007ffee6370000 - 0x00007ffee63f0000 	C:\WINDOWS\System32\bcryptPrimitives.dll
0x00007ffee71d0000 - 0x00007ffee71fe000 	C:\WINDOWS\System32\IMM32.DLL
0x00007ffebc4b0000 - 0x00007ffebc54b000 	C:\Program Files\Amazon Corretto\jdk11.0.8_10\bin\msvcp140.dll
0x00007ffea4da0000 - 0x00007ffea585d000 	C:\Program Files\Amazon Corretto\jdk11.0.8_10\bin\server\jvm.dll
0x00007ffee7260000 - 0x00007ffee7303000 	C:\WINDOWS\System32\ADVAPI32.dll
0x00007ffee6f00000 - 0x00007ffee6f97000 	C:\WINDOWS\System32\sechost.dll
0x00007ffee6fa0000 - 0x00007ffee6fa8000 	C:\WINDOWS\System32\PSAPI.DLL
0x00007ffedb100000 - 0x00007ffedb109000 	C:\WINDOWS\SYSTEM32\WSOCK32.dll
0x00007ffee1e50000 - 0x00007ffee1e74000 	C:\WINDOWS\SYSTEM32\WINMM.dll
0x00007ffee1600000 - 0x00007ffee160a000 	C:\WINDOWS\SYSTEM32\VERSION.dll
0x00007ffee6850000 - 0x00007ffee68bf000 	C:\WINDOWS\System32\WS2_32.dll
0x00007ffee1d90000 - 0x00007ffee1dbd000 	C:\WINDOWS\SYSTEM32\WINMMBASE.dll
0x00007ffee5ba0000 - 0x00007ffee5bea000 	C:\WINDOWS\System32\cfgmgr32.dll
0x00007ffee5400000 - 0x00007ffee5411000 	C:\WINDOWS\System32\kernel.appcore.dll
0x00007ffee2230000 - 0x00007ffee2240000 	C:\Program Files\Amazon Corretto\jdk11.0.8_10\bin\verify.dll
0x00007ffee3d30000 - 0x00007ffee3f24000 	C:\WINDOWS\SYSTEM32\DBGHELP.DLL
0x00007ffedb0c0000 - 0x00007ffedb0ea000 	C:\WINDOWS\SYSTEM32\dbgcore.DLL
0x00007ffecf040000 - 0x00007ffecf068000 	C:\Program Files\Amazon Corretto\jdk11.0.8_10\bin\java.dll
0x00007ffee15b0000 - 0x00007ffee15ba000 	C:\Program Files\Amazon Corretto\jdk11.0.8_10\bin\jimage.dll
0x00007ffed5920000 - 0x00007ffed5937000 	C:\Program Files\Amazon Corretto\jdk11.0.8_10\bin\zip.dll
0x00007ffee79f0000 - 0x00007ffee80d7000 	C:\WINDOWS\System32\SHELL32.dll
0x00007ffee6c00000 - 0x00007ffee6ca9000 	C:\WINDOWS\System32\shcore.dll
0x00007ffee5bf0000 - 0x00007ffee6370000 	C:\WINDOWS\System32\windows.storage.dll
0x00007ffee53b0000 - 0x00007ffee53d3000 	C:\WINDOWS\System32\profapi.dll
0x00007ffee5420000 - 0x00007ffee546a000 	C:\WINDOWS\System32\powrprof.dll
0x00007ffee53a0000 - 0x00007ffee53b0000 	C:\WINDOWS\System32\UMPDC.dll
0x00007ffee7200000 - 0x00007ffee7252000 	C:\WINDOWS\System32\shlwapi.dll
0x00007ffee5470000 - 0x00007ffee5487000 	C:\WINDOWS\System32\cryptsp.dll
0x00007ffecf020000 - 0x00007ffecf039000 	C:\Program Files\Amazon Corretto\jdk11.0.8_10\bin\net.dll
0x00007ffee01d0000 - 0x00007ffee02c0000 	C:\WINDOWS\SYSTEM32\WINHTTP.dll
0x00007ffee4b90000 - 0x00007ffee4bf7000 	C:\WINDOWS\system32\mswsock.dll
0x00007ffeca6b0000 - 0x00007ffeca6c2000 	C:\Program Files\Amazon Corretto\jdk11.0.8_10\bin\nio.dll
0x00007ffed5800000 - 0x00007ffed582a000 	C:\Users\DELL\.gradle\native\36\windows-amd64\native-platform.dll
0x00007ffed8380000 - 0x00007ffed8389000 	C:\Program Files\Amazon Corretto\jdk11.0.8_10\bin\management.dll
0x00007ffed7810000 - 0x00007ffed781b000 	C:\Program Files\Amazon Corretto\jdk11.0.8_10\bin\management_ext.dll
0x00007ffee4700000 - 0x00007ffee4733000 	C:\WINDOWS\system32\rsaenh.dll
0x00007ffee5740000 - 0x00007ffee5766000 	C:\WINDOWS\System32\bcrypt.dll
0x00007ffee52c0000 - 0x00007ffee52e5000 	C:\WINDOWS\SYSTEM32\USERENV.dll
0x00007ffee4d60000 - 0x00007ffee4d6c000 	C:\WINDOWS\SYSTEM32\CRYPTBASE.dll
0x00007ffee48a0000 - 0x00007ffee48da000 	C:\WINDOWS\SYSTEM32\IPHLPAPI.DLL
0x00007ffee8490000 - 0x00007ffee8498000 	C:\WINDOWS\System32\NSI.dll
0x00007ffedd630000 - 0x00007ffedd646000 	C:\WINDOWS\SYSTEM32\dhcpcsvc6.DLL
0x00007ffede5c0000 - 0x00007ffede5dc000 	C:\WINDOWS\SYSTEM32\dhcpcsvc.DLL
0x00007ffee48e0000 - 0x00007ffee49ab000 	C:\WINDOWS\SYSTEM32\DNSAPI.dll

dbghelp: loaded successfully - version: 4.0.5 - missing functions: none
symbol engine: initialized successfully - sym options: 0x614 - pdb path: .;C:\Program Files\Amazon Corretto\jdk11.0.8_10\bin;C:\WINDOWS\SYSTEM32;C:\WINDOWS\WinSxS\amd64_microsoft.windows.common-controls_6595b64144ccf1df_6.0.18362.1139_none_9e7bf2d3e4605ac6;C:\Program Files\Amazon Corretto\jdk11.0.8_10\bin\server;C:\Users\DELL\.gradle\native\36\windows-amd64

VM Arguments:
jvm_args: --add-opens=java.base/java.util=ALL-UNNAMED --add-opens=java.base/java.lang=ALL-UNNAMED --add-opens=java.base/java.lang.invoke=ALL-UNNAMED --add-opens=java.prefs/java.util.prefs=ALL-UNNAMED -XX:MaxMetaspaceSize=256m -XX:+HeapDumpOnOutOfMemoryError -Xms256m -Xmx512m -Dfile.encoding=GBK -Duser.country=US -Duser.language=en -Duser.variant 
java_command: org.gradle.launcher.daemon.bootstrap.GradleDaemon 6.2
java_class_path (initial): C:\Users\DELL\.gradle\wrapper\dists\gradle-6.2-bin\6zaomcc3lf3gnwxgkllci1muk\gradle-6.2\lib\gradle-launcher-6.2.jar
Launcher Type: SUN_STANDARD

[Global flags]
     intx CICompilerCount                          = 4                                         {product} {ergonomic}
   size_t CompressedClassSpaceSize                 = 260046848                                 {product} {ergonomic}
     uint ConcGCThreads                            = 2                                         {product} {ergonomic}
     uint G1ConcRefinementThreads                  = 8                                         {product} {ergonomic}
   size_t G1HeapRegionSize                         = 1048576                                   {product} {ergonomic}
    uintx GCDrainStackTargetSize                   = 64                                        {product} {ergonomic}
     bool HeapDumpOnOutOfMemoryError               = true                                   {manageable} {command line}
   size_t InitialHeapSize                          = 268435456                                 {product} {command line}
   size_t MarkStackSize                            = 4194304                                   {product} {ergonomic}
   size_t MaxHeapSize                              = 536870912                                 {product} {command line}
   size_t MaxMetaspaceSize                         = 268435456                                 {product} {command line}
   size_t MaxNewSize                               = 321912832                                 {product} {ergonomic}
   size_t MinHeapDeltaBytes                        = 1048576                                   {product} {ergonomic}
    uintx NonNMethodCodeHeapSize                   = 5836300                                {pd product} {ergonomic}
    uintx NonProfiledCodeHeapSize                  = 122910970                              {pd product} {ergonomic}
    uintx ProfiledCodeHeapSize                     = 122910970                              {pd product} {ergonomic}
    uintx ReservedCodeCacheSize                    = 251658240                              {pd product} {ergonomic}
     bool SegmentedCodeCache                       = true                                      {product} {ergonomic}
     bool UseCompressedClassPointers               = true                                 {lp64_product} {ergonomic}
     bool UseCompressedOops                        = true                                 {lp64_product} {ergonomic}
     bool UseG1GC                                  = true                                      {product} {ergonomic}
     bool UseLargePagesIndividualAllocation        = false                                  {pd product} {ergonomic}

Logging:
Log output configuration:
 #0: stdout all=warning uptime,level,tags
 #1: stderr all=off uptime,level,tags

Environment Variables:
JAVA_HOME=C:\Program Files\Amazon Corretto\jdk11.0.8_10
PATH=C:\Program Files\Common Files\Oracle\Java\javapath;C:\Program Files\Amazon Corretto\jdk11.0.8_10\bin;C:\Python38\Scripts\;C:\Python38\;C:\WINDOWS\system32;C:\WINDOWS;C:\WINDOWS\System32\Wbem;C:\WINDOWS\System32\WindowsPowerShell\v1.0\;C:\WINDOWS\System32\OpenSSH\;C:\Program Files (x86)\Bitvise SSH Client;C:\Program Files\Git\cmd;D:\NodeJS\;C:\ProgramData\chocolatey\bin;c:\WINDOWS\System32\WBem;C:\Program Files (x86)\Graphviz\bin\;C:\Users\DELL\Anaconda3\Library\mingw-w64\bin;C:\Users\DELL\Anaconda3;C:\Users\DELL\Anaconda3\Library\usr\bin;C:\Users\DELL\Anaconda3\Library\bin;C:\Users\DELL\Anaconda3\Scripts;C:\Users\DELL\AppData\Local\Programs\Python\Python37-32\Scripts\;C:\Users\DELL\AppData\Local\Programs\Python\Python37-32\;C:\Users\DELL\AppData\Local\Microsoft\WindowsApps;C:\Program Files (x86)\SSH Communications Security\SSH Secure Shell;C:\Users\DELL\AppData\Local\Programs\Microsoft VS Code\bin;D:\VSCode_config\mingw32\bin;C:\Users\DELL\AppData\Roaming\npm;C:\Program Files\JetBrains\IntelliJ IDEA 2020.1.1\bin;;C:\Program Files (x86)\mingw-w64\i686-8.1.0-posix-dwarf-rt_v6-rev0\mingw32\bin;D:\Graphviz\bin
USERNAME=DELL
OS=Windows_NT
PROCESSOR_IDENTIFIER=Intel64 Family 6 Model 142 Stepping 10, GenuineIntel



---------------  S Y S T E M  ---------------

OS: Windows 10 , 64 bit Build 18362 (10.0.18362.1110)
OS uptime: 1 days 0:31 hours

CPU:total 8 (initial active 8) (4 cores per cpu, 2 threads per core) family 6 model 142 stepping 10, cmov, cx8, fxsr, mmx, sse, sse2, sse3, ssse3, sse4.1, sse4.2, popcnt, avx, avx2, aes, clmul, erms, 3dnowpref, lzcnt, ht, tsc, tscinvbit, bmi1, bmi2, adx, fma

Memory: 4k page, system-wide physical 8025M (406M free)
TotalPageFile size 32601M (AvailPageFile size 4M)
current process WorkingSet (physical memory assigned to process): 219M, peak: 219M
current process commit charge ("private bytes"): 417M, peak: 417M

vm_info: OpenJDK 64-Bit Server VM (11.0.8+10-LTS) for windows-amd64 JRE (11.0.8+10-LTS), built on Jul 13 2020 00:42:50 by "Administrator" with MS VC++ 15.9 (VS2017)

END.
